[debug] [2023-07-04T18:28:05.928Z] ----------------------------------------------------------------------
[debug] [2023-07-04T18:28:05.930Z] Command:       C:\Program Files\nodejs\node.exe C:\Program Files\nodejs\node_modules\firebase-tools\lib\bin\firebase.js init
[debug] [2023-07-04T18:28:05.930Z] CLI Version:   12.4.2
[debug] [2023-07-04T18:28:05.930Z] Platform:      win32
[debug] [2023-07-04T18:28:05.930Z] Node Version:  v16.19.1
[debug] [2023-07-04T18:28:05.931Z] Time:          Tue Jul 04 2023 20:28:05 GMT+0200 (Central European Summer Time)
[debug] [2023-07-04T18:28:05.932Z] ----------------------------------------------------------------------
[debug] 
[debug] [2023-07-04T18:28:05.992Z] > command requires scopes: ["email","openid","https://www.googleapis.com/auth/cloudplatformprojects.readonly","https://www.googleapis.com/auth/firebase","https://www.googleapis.com/auth/cloud-platform"]
[debug] [2023-07-04T18:28:05.992Z] > authorizing via signed-in user (hazrat4936@gmail.com)
[info] 
     ######## #### ########  ######## ########     ###     ######  ########
     ##        ##  ##     ## ##       ##     ##  ##   ##  ##       ##
     ######    ##  ########  ######   ########  #########  ######  ######
     ##        ##  ##    ##  ##       ##     ## ##     ##       ## ##
     ##       #### ##     ## ######## ########  ##     ##  ######  ########

You're about to initialize a Firebase project in this directory:

  C:\anisul-typescript\racing-cars-client

Before we get started, keep in mind:

  * You are currently outside your home directory
  * You are initializing within an existing Firebase project directory

[info] 
=== Project Setup
[info] 
[info] First, let's associate this project directory with a Firebase project.
[info] You can create multiple project aliases by running firebase use --add, 
[info] but for now we'll just set up a default project.
[info] 
[debug] [2023-07-04T18:28:21.369Z] Using project from CLI flag: rc-cars-1e083
[debug] [2023-07-04T18:28:21.371Z] > refreshing access token with scopes: []
[debug] [2023-07-04T18:28:21.373Z] >>> [apiv2][query] POST https://www.googleapis.com/oauth2/v3/token [none]
[debug] [2023-07-04T18:28:21.373Z] >>> [apiv2][body] POST https://www.googleapis.com/oauth2/v3/token [omitted]
[debug] [2023-07-04T18:28:21.518Z] <<< [apiv2][status] POST https://www.googleapis.com/oauth2/v3/token 200
[debug] [2023-07-04T18:28:21.518Z] <<< [apiv2][body] POST https://www.googleapis.com/oauth2/v3/token [omitted]
[debug] [2023-07-04T18:28:21.538Z] >>> [apiv2][query] GET https://firebase.googleapis.com/v1beta1/projects/rc-cars-1e083 [none]
[debug] [2023-07-04T18:28:21.841Z] <<< [apiv2][status] GET https://firebase.googleapis.com/v1beta1/projects/rc-cars-1e083 403
[debug] [2023-07-04T18:28:21.842Z] <<< [apiv2][body] GET https://firebase.googleapis.com/v1beta1/projects/rc-cars-1e083 {"error":{"code":403,"message":"The caller does not have permission","status":"PERMISSION_DENIED"}}
[debug] [2023-07-04T18:28:21.843Z] HTTP Error: 403, The caller does not have permission
[debug] [2023-07-04T18:28:21.921Z] FirebaseError: HTTP Error: 403, The caller does not have permission
    at responseToError (C:\Users\Lenovo\AppData\Roaming\nvm\v16.19.1\node_modules\firebase-tools\lib\responseToError.js:49:12)
    at RetryOperation._fn (C:\Users\Lenovo\AppData\Roaming\nvm\v16.19.1\node_modules\firebase-tools\lib\apiv2.js:288:77)
    at processTicksAndRejections (node:internal/process/task_queues:96:5)
[error] 
[error] Error: Failed to get Firebase project rc-cars-1e083. Please make sure the project exists and your account has permission to access it.
[debug] [2023-07-04T18:29:23.789Z] ----------------------------------------------------------------------
[debug] [2023-07-04T18:29:23.791Z] Command:       C:\Program Files\nodejs\node.exe C:\Program Files\nodejs\node_modules\firebase-tools\lib\bin\firebase.js init
[debug] [2023-07-04T18:29:23.791Z] CLI Version:   12.4.2
[debug] [2023-07-04T18:29:23.791Z] Platform:      win32
[debug] [2023-07-04T18:29:23.791Z] Node Version:  v16.19.1
[debug] [2023-07-04T18:29:23.792Z] Time:          Tue Jul 04 2023 20:29:23 GMT+0200 (Central European Summer Time)
[debug] [2023-07-04T18:29:23.792Z] ----------------------------------------------------------------------
[debug] 
[debug] [2023-07-04T18:29:23.852Z] > command requires scopes: ["email","openid","https://www.googleapis.com/auth/cloudplatformprojects.readonly","https://www.googleapis.com/auth/firebase","https://www.googleapis.com/auth/cloud-platform"]
[debug] [2023-07-04T18:29:23.852Z] > authorizing via signed-in user (hazrat4936@gmail.com)
[info] 
     ######## #### ########  ######## ########     ###     ######  ########
     ##        ##  ##     ## ##       ##     ##  ##   ##  ##       ##
     ######    ##  ########  ######   ########  #########  ######  ######
     ##        ##  ##    ##  ##       ##     ## ##     ##       ## ##
     ##       #### ##     ## ######## ########  ##     ##  ######  ########

You're about to initialize a Firebase project in this directory:

  C:\anisul-typescript\racing-cars-client

Before we get started, keep in mind:

  * You are currently outside your home directory
  * You are initializing within an existing Firebase project directory

[info] 
=== Project Setup
[info] 
[info] First, let's associate this project directory with a Firebase project.
[info] You can create multiple project aliases by running firebase use --add, 
[info] but for now we'll just set up a default project.
[info] 
[debug] [2023-07-04T18:29:38.616Z] Using project from CLI flag: rc-cars-1e083
[debug] [2023-07-04T18:29:38.618Z] >>> [apiv2][query] GET https://firebase.googleapis.com/v1beta1/projects/rc-cars-1e083 [none]
[debug] [2023-07-04T18:29:38.932Z] <<< [apiv2][status] GET https://firebase.googleapis.com/v1beta1/projects/rc-cars-1e083 403
[debug] [2023-07-04T18:29:38.933Z] <<< [apiv2][body] GET https://firebase.googleapis.com/v1beta1/projects/rc-cars-1e083 {"error":{"code":403,"message":"The caller does not have permission","status":"PERMISSION_DENIED"}}
[debug] [2023-07-04T18:29:38.933Z] HTTP Error: 403, The caller does not have permission
[debug] [2023-07-04T18:29:38.999Z] FirebaseError: HTTP Error: 403, The caller does not have permission
    at responseToError (C:\Users\Lenovo\AppData\Roaming\nvm\v16.19.1\node_modules\firebase-tools\lib\responseToError.js:49:12)
    at RetryOperation._fn (C:\Users\Lenovo\AppData\Roaming\nvm\v16.19.1\node_modules\firebase-tools\lib\apiv2.js:288:77)
    at processTicksAndRejections (node:internal/process/task_queues:96:5)
[error] 
[error] Error: Failed to get Firebase project rc-cars-1e083. Please make sure the project exists and your account has permission to access it.
